<?xml version="1.0" encoding="UTF-8"?>
<coverage generated="1746023316373" clover="3.2.0">
  <project timestamp="1746023316373" name="All files">
    <metrics statements="44" coveredstatements="42" conditionals="18" coveredconditionals="16" methods="7" coveredmethods="7" elements="69" coveredelements="65" complexity="0" loc="44" ncloc="44" packages="2" files="6" classes="6"/>
    <package name="middleware">
      <metrics statements="22" coveredstatements="20" conditionals="9" coveredconditionals="8" methods="3" coveredmethods="3"/>
      <file name="authMiddleware.ts" path="C:\Users\Tyler Knightly\Documents\Personal Projects\Demo site\ECommerce\server\src\middleware\authMiddleware.ts">
        <metrics statements="19" coveredstatements="17" conditionals="5" coveredconditionals="4" methods="2" coveredmethods="2"/>
        <line num="1" count="1" type="stmt"/>
        <line num="3" count="1" type="stmt"/>
        <line num="6" count="1" type="stmt"/>
        <line num="10" count="4" type="stmt"/>
        <line num="11" count="4" type="stmt"/>
        <line num="13" count="4" type="cond" truecount="4" falsecount="0"/>
        <line num="14" count="3" type="stmt"/>
        <line num="15" count="3" type="stmt"/>
        <line num="16" count="3" type="stmt"/>
        <line num="18" count="2" type="stmt"/>
        <line num="25" count="1" type="cond" truecount="0" falsecount="1"/>
        <line num="26" count="0" type="stmt"/>
        <line num="27" count="0" type="stmt"/>
        <line num="30" count="1" type="stmt"/>
        <line num="31" count="1" type="stmt"/>
        <line num="33" count="2" type="stmt"/>
        <line num="34" count="2" type="stmt"/>
        <line num="37" count="1" type="stmt"/>
        <line num="38" count="1" type="stmt"/>
      </file>
      <file name="errorMiddleware.ts" path="C:\Users\Tyler Knightly\Documents\Personal Projects\Demo site\ECommerce\server\src\middleware\errorMiddleware.ts">
        <metrics statements="3" coveredstatements="3" conditionals="4" coveredconditionals="4" methods="1" coveredmethods="1"/>
        <line num="3" count="1" type="stmt"/>
        <line num="9" count="3" type="cond" truecount="2" falsecount="0"/>
        <line num="10" count="3" type="stmt"/>
      </file>
    </package>
    <package name="models">
      <metrics statements="22" coveredstatements="22" conditionals="9" coveredconditionals="8" methods="4" coveredmethods="4"/>
      <file name="Cart.ts" path="C:\Users\Tyler Knightly\Documents\Personal Projects\Demo site\ECommerce\server\src\models\Cart.ts">
        <metrics statements="3" coveredstatements="3" conditionals="0" coveredconditionals="0" methods="0" coveredmethods="0"/>
        <line num="1" count="1" type="stmt"/>
        <line num="14" count="1" type="stmt"/>
        <line num="27" count="1" type="stmt"/>
      </file>
      <file name="Order.ts" path="C:\Users\Tyler Knightly\Documents\Personal Projects\Demo site\ECommerce\server\src\models\Order.ts">
        <metrics statements="5" coveredstatements="5" conditionals="8" coveredconditionals="8" methods="2" coveredmethods="2"/>
        <line num="1" count="1" type="stmt"/>
        <line num="31" count="1" type="stmt"/>
        <line num="43" count="5" type="stmt"/>
        <line num="57" count="4" type="stmt"/>
        <line num="81" count="1" type="stmt"/>
      </file>
      <file name="Product.ts" path="C:\Users\Tyler Knightly\Documents\Personal Projects\Demo site\ECommerce\server\src\models\Product.ts">
        <metrics statements="3" coveredstatements="3" conditionals="0" coveredconditionals="0" methods="0" coveredmethods="0"/>
        <line num="1" count="1" type="stmt"/>
        <line num="15" count="1" type="stmt"/>
        <line num="28" count="1" type="stmt"/>
      </file>
      <file name="User.ts" path="C:\Users\Tyler Knightly\Documents\Personal Projects\Demo site\ECommerce\server\src\models\User.ts">
        <metrics statements="11" coveredstatements="11" conditionals="1" coveredconditionals="0" methods="2" coveredmethods="2"/>
        <line num="1" count="1" type="stmt"/>
        <line num="2" count="1" type="stmt"/>
        <line num="13" count="1" type="stmt"/>
        <line num="36" count="1" type="stmt"/>
        <line num="39" count="2" type="stmt"/>
        <line num="43" count="1" type="stmt"/>
        <line num="44" count="6" type="cond" truecount="0" falsecount="1"/>
        <line num="45" count="6" type="stmt"/>
        <line num="46" count="6" type="stmt"/>
        <line num="47" count="6" type="stmt"/>
        <line num="50" count="1" type="stmt"/>
      </file>
    </package>
  </project>
</coverage>
