{"C:\\Users\\Tyler Knightly\\Documents\\Personal Projects\\Demo site\\ECommerce\\server\\src\\middleware\\authMiddleware.ts": {"path":"C:\\Users\\Tyler Knightly\\Documents\\Personal Projects\\Demo site\\ECommerce\\server\\src\\middleware\\authMiddleware.ts","statementMap":{"0":{"start":{"line":1,"column":0},"end":{"line":1,"column":31}},"1":{"start":{"line":3,"column":0},"end":{"line":3,"column":34}},"2":{"start":{"line":6,"column":23},"end":{"line":40,"column":2}},"3":{"start":{"line":10,"column":19},"end":{"line":40,"column":2}},"4":{"start":{"line":11,"column":21},"end":{"line":11,"column":46}},"5":{"start":{"line":13,"column":2},"end":{"line":39,"column":3}},"6":{"start":{"line":14,"column":4},"end":{"line":35,"column":5}},"7":{"start":{"line":15,"column":20},"end":{"line":15,"column":44}},"8":{"start":{"line":16,"column":22},"end":{"line":16,"column":91}},"9":{"start":{"line":18,"column":19},"end":{"line":18,"column":null}},"10":{"start":{"line":25,"column":6},"end":{"line":28,"column":7}},"11":{"start":{"line":26,"column":8},"end":{"line":26,"column":58}},"12":{"start":{"line":27,"column":8},"end":{"line":27,"column":15}},"13":{"start":{"line":30,"column":6},"end":{"line":30,"column":22}},"14":{"start":{"line":31,"column":6},"end":{"line":31,"column":13}},"15":{"start":{"line":33,"column":6},"end":{"line":33,"column":71}},"16":{"start":{"line":34,"column":6},"end":{"line":34,"column":13}},"17":{"start":{"line":37,"column":4},"end":{"line":37,"column":64}},"18":{"start":{"line":38,"column":4},"end":{"line":38,"column":11}},"19":{"start":{"line":6,"column":13},"end":{"line":6,"column":23}}},"fnMap":{"0":{"name":"(anonymous_8)","decl":{"start":{"line":6,"column":23},"end":{"line":6,"column":null}},"loc":{"start":{"line":10,"column":19},"end":{"line":40,"column":2}}},"1":{"name":"(anonymous_9)","decl":{"start":{"line":10,"column":19},"end":{"line":10,"column":null}},"loc":{"start":{"line":10,"column":19},"end":{"line":40,"column":1}}}},"branchMap":{"0":{"loc":{"start":{"line":13,"column":2},"end":{"line":39,"column":3}},"type":"if","locations":[{"start":{"line":13,"column":2},"end":{"line":39,"column":3}},{"start":{"line":36,"column":9},"end":{"line":39,"column":3}}]},"1":{"loc":{"start":{"line":13,"column":6},"end":{"line":13,"column":51}},"type":"binary-expr","locations":[{"start":{"line":13,"column":6},"end":{"line":13,"column":16}},{"start":{"line":13,"column":20},"end":{"line":13,"column":51}}]},"2":{"loc":{"start":{"line":25,"column":6},"end":{"line":28,"column":7}},"type":"if","locations":[{"start":{"line":25,"column":6},"end":{"line":28,"column":7}}]}},"s":{"0":1,"1":1,"2":1,"3":4,"4":4,"5":4,"6":3,"7":3,"8":3,"9":2,"10":1,"11":0,"12":0,"13":1,"14":1,"15":2,"16":2,"17":1,"18":1,"19":1},"f":{"0":4,"1":4},"b":{"0":[3,1],"1":[4,3],"2":[0]}}
,"C:\\Users\\Tyler Knightly\\Documents\\Personal Projects\\Demo site\\ECommerce\\server\\src\\middleware\\errorMiddleware.ts": {"path":"C:\\Users\\Tyler Knightly\\Documents\\Personal Projects\\Demo site\\ECommerce\\server\\src\\middleware\\errorMiddleware.ts","statementMap":{"0":{"start":{"line":3,"column":28},"end":{"line":14,"column":1}},"1":{"start":{"line":9,"column":17},"end":{"line":9,"column":62}},"2":{"start":{"line":10,"column":2},"end":{"line":13,"column":5}},"3":{"start":{"line":3,"column":13},"end":{"line":3,"column":28}}},"fnMap":{"0":{"name":"(anonymous_0)","decl":{"start":{"line":3,"column":28},"end":{"line":3,"column":null}},"loc":{"start":{"line":8,"column":4},"end":{"line":14,"column":1}}}},"branchMap":{"0":{"loc":{"start":{"line":9,"column":17},"end":{"line":9,"column":62}},"type":"cond-expr","locations":[{"start":{"line":9,"column":42},"end":{"line":9,"column":56}},{"start":{"line":9,"column":59},"end":{"line":9,"column":62}}]},"1":{"loc":{"start":{"line":12,"column":11},"end":{"line":12,"column":67}},"type":"cond-expr","locations":[{"start":{"line":12,"column":51},"end":{"line":12,"column":55}},{"start":{"line":12,"column":58},"end":{"line":12,"column":67}}]}},"s":{"0":1,"1":3,"2":3,"3":1},"f":{"0":3},"b":{"0":[1,2],"1":[1,2]}}
,"C:\\Users\\Tyler Knightly\\Documents\\Personal Projects\\Demo site\\ECommerce\\server\\src\\models\\Cart.ts": {"path":"C:\\Users\\Tyler Knightly\\Documents\\Personal Projects\\Demo site\\ECommerce\\server\\src\\models\\Cart.ts","statementMap":{"0":{"start":{"line":1,"column":0},"end":{"line":1,"column":54}},"1":{"start":{"line":14,"column":27},"end":{"line":24,"column":null}},"2":{"start":{"line":27,"column":0},"end":{"line":27,"column":57}}},"fnMap":{},"branchMap":{},"s":{"0":1,"1":1,"2":1},"f":{},"b":{}}
,"C:\\Users\\Tyler Knightly\\Documents\\Personal Projects\\Demo site\\ECommerce\\server\\src\\models\\Order.ts": {"path":"C:\\Users\\Tyler Knightly\\Documents\\Personal Projects\\Demo site\\ECommerce\\server\\src\\models\\Order.ts","statementMap":{"0":{"start":{"line":1,"column":0},"end":{"line":1,"column":54}},"1":{"start":{"line":31,"column":28},"end":{"line":78,"column":null}},"2":{"start":{"line":43,"column":33},"end":{"line":43,"column":47}},"3":{"start":{"line":57,"column":10},"end":{"line":66,"column":12}},"4":{"start":{"line":81,"column":0},"end":{"line":81,"column":60}}},"fnMap":{"0":{"name":"(anonymous_9)","decl":{"start":{"line":43,"column":17},"end":{"line":43,"column":18}},"loc":{"start":{"line":43,"column":33},"end":{"line":43,"column":47}}},"1":{"name":"(anonymous_10)","decl":{"start":{"line":55,"column":19},"end":{"line":55,"column":29}},"loc":{"start":{"line":55,"column":39},"end":{"line":67,"column":9}}}},"branchMap":{"0":{"loc":{"start":{"line":58,"column":12},"end":{"line":65,"column":25}},"type":"binary-expr","locations":[{"start":{"line":58,"column":12},"end":{"line":58,"column":17}},{"start":{"line":59,"column":12},"end":{"line":59,"column":37}},{"start":{"line":60,"column":12},"end":{"line":60,"column":41}},{"start":{"line":61,"column":12},"end":{"line":61,"column":26}},{"start":{"line":62,"column":12},"end":{"line":62,"column":25}},{"start":{"line":63,"column":12},"end":{"line":63,"column":22}},{"start":{"line":64,"column":12},"end":{"line":64,"column":28}},{"start":{"line":65,"column":12},"end":{"line":65,"column":25}}]}},"s":{"0":1,"1":1,"2":5,"3":4,"4":1},"f":{"0":5,"1":4},"b":{"0":[4,4,4,4,4,4,4,4]}}
,"C:\\Users\\Tyler Knightly\\Documents\\Personal Projects\\Demo site\\ECommerce\\server\\src\\models\\Product.ts": {"path":"C:\\Users\\Tyler Knightly\\Documents\\Personal Projects\\Demo site\\ECommerce\\server\\src\\models\\Product.ts","statementMap":{"0":{"start":{"line":1,"column":0},"end":{"line":1,"column":54}},"1":{"start":{"line":15,"column":30},"end":{"line":26,"column":2}},"2":{"start":{"line":28,"column":0},"end":{"line":28,"column":66}}},"fnMap":{},"branchMap":{},"s":{"0":1,"1":1,"2":1},"f":{},"b":{}}
,"C:\\Users\\Tyler Knightly\\Documents\\Personal Projects\\Demo site\\ECommerce\\server\\src\\models\\User.ts": {"path":"C:\\Users\\Tyler Knightly\\Documents\\Personal Projects\\Demo site\\ECommerce\\server\\src\\models\\User.ts","statementMap":{"0":{"start":{"line":1,"column":0},"end":{"line":1,"column":54}},"1":{"start":{"line":2,"column":0},"end":{"line":2,"column":30}},"2":{"start":{"line":13,"column":34},"end":{"line":32,"column":null}},"3":{"start":{"line":36,"column":0},"end":{"line":40,"column":2}},"4":{"start":{"line":39,"column":2},"end":{"line":39,"column":62}},"5":{"start":{"line":43,"column":0},"end":{"line":48,"column":3}},"6":{"start":{"line":44,"column":2},"end":{"line":44,"column":50}},"7":{"start":{"line":44,"column":36},"end":{"line":44,"column":50}},"8":{"start":{"line":45,"column":15},"end":{"line":45,"column":39}},"9":{"start":{"line":46,"column":2},"end":{"line":46,"column":57}},"10":{"start":{"line":47,"column":2},"end":{"line":47,"column":9}},"11":{"start":{"line":50,"column":0},"end":{"line":50,"column":57}}},"fnMap":{"0":{"name":"(anonymous_17)","decl":{"start":{"line":36,"column":35},"end":{"line":36,"column":null}},"loc":{"start":{"line":37,"column":25},"end":{"line":40,"column":2}}},"1":{"name":"(anonymous_19)","decl":{"start":{"line":43,"column":30},"end":{"line":43,"column":46}},"loc":{"start":{"line":43,"column":50},"end":{"line":48,"column":2}}}},"branchMap":{"0":{"loc":{"start":{"line":44,"column":2},"end":{"line":44,"column":50}},"type":"if","locations":[{"start":{"line":44,"column":2},"end":{"line":44,"column":50}}]}},"s":{"0":1,"1":1,"2":1,"3":1,"4":2,"5":1,"6":6,"7":0,"8":6,"9":6,"10":6,"11":1},"f":{"0":2,"1":6},"b":{"0":[0]}}
}
