TN:
SF:src\middleware\authMiddleware.ts
FN:6,(anonymous_8)
FN:10,(anonymous_9)
FNF:2
FNH:2
FNDA:4,(anonymous_8)
FNDA:4,(anonymous_9)
DA:1,1
DA:3,1
DA:6,1
DA:10,4
DA:11,4
DA:13,4
DA:14,3
DA:15,3
DA:16,3
DA:18,2
DA:25,1
DA:26,0
DA:27,0
DA:30,1
DA:31,1
DA:33,2
DA:34,2
DA:37,1
DA:38,1
LF:19
LH:17
BRDA:13,0,0,3
BRDA:13,0,1,1
BRDA:13,1,0,4
BRDA:13,1,1,3
BRDA:25,2,0,0
BRF:5
BRH:4
end_of_record
TN:
SF:src\middleware\errorMiddleware.ts
FN:3,(anonymous_0)
FNF:1
FNH:1
FNDA:3,(anonymous_0)
DA:3,1
DA:9,3
DA:10,3
LF:3
LH:3
BRDA:9,0,0,1
BRDA:9,0,1,2
BRDA:12,1,0,1
BRDA:12,1,1,2
BRF:4
BRH:4
end_of_record
TN:
SF:src\models\Cart.ts
FNF:0
FNH:0
DA:1,1
DA:14,1
DA:27,1
LF:3
LH:3
BRF:0
BRH:0
end_of_record
TN:
SF:src\models\Order.ts
FN:43,(anonymous_9)
FN:55,(anonymous_10)
FNF:2
FNH:2
FNDA:5,(anonymous_9)
FNDA:4,(anonymous_10)
DA:1,1
DA:31,1
DA:43,5
DA:57,4
DA:81,1
LF:5
LH:5
BRDA:58,0,0,4
BRDA:58,0,1,4
BRDA:58,0,2,4
BRDA:58,0,3,4
BRDA:58,0,4,4
BRDA:58,0,5,4
BRDA:58,0,6,4
BRDA:58,0,7,4
BRF:8
BRH:8
end_of_record
TN:
SF:src\models\Product.ts
FNF:0
FNH:0
DA:1,1
DA:15,1
DA:28,1
LF:3
LH:3
BRF:0
BRH:0
end_of_record
TN:
SF:src\models\User.ts
FN:36,(anonymous_17)
FN:43,(anonymous_19)
FNF:2
FNH:2
FNDA:2,(anonymous_17)
FNDA:6,(anonymous_19)
DA:1,1
DA:2,1
DA:13,1
DA:36,1
DA:39,2
DA:43,1
DA:44,6
DA:45,6
DA:46,6
DA:47,6
DA:50,1
LF:11
LH:11
BRDA:44,0,0,0
BRF:1
BRH:0
end_of_record
